2025-09-21 17:54:45,646 CRIT Supervisor is running as root.  Privileges were not dropped because no user is specified in the config file.  If you intend to run as root, you can set user=root in the config file to avoid this message.
2025-09-21 17:54:45,648 INFO supervisord started with pid 1
2025-09-21 17:54:46,651 INFO spawned: 'php-fpm' with pid 7
2025-09-21 17:54:46,652 INFO spawned: 'nginx' with pid 8
2025-09-21 17:54:47,686 INFO success: php-fpm entered RUNNING state, process has stayed up for > than 1 seconds (startsecs)
2025-09-21 17:54:47,686 INFO success: nginx entered RUNNING state, process has stayed up for > than 1 seconds (startsecs)
2025-09-21 17:55:29,726 WARN received SIGQUIT indicating exit request
2025-09-21 17:55:29,727 INFO waiting for php-fpm, nginx to die
2025-09-21 17:55:29,769 INFO stopped: nginx (exit status 0)
2025-09-21 17:55:29,774 INFO stopped: php-fpm (exit status 0)
2025-09-21 17:55:51,936 CRIT Supervisor is running as root.  Privileges were not dropped because no user is specified in the config file.  If you intend to run as root, you can set user=root in the config file to avoid this message.
2025-09-21 17:55:51,938 INFO supervisord started with pid 1
2025-09-21 17:55:52,941 INFO spawned: 'php-fpm' with pid 7
2025-09-21 17:55:52,942 INFO spawned: 'nginx' with pid 8
2025-09-21 17:55:53,977 INFO success: php-fpm entered RUNNING state, process has stayed up for > than 1 seconds (startsecs)
2025-09-21 17:55:53,977 INFO success: nginx entered RUNNING state, process has stayed up for > than 1 seconds (startsecs)
2025-09-21 18:09:00,781 WARN received SIGQUIT indicating exit request
2025-09-21 18:09:00,781 INFO waiting for php-fpm, nginx to die
2025-09-21 18:09:00,814 INFO stopped: nginx (exit status 0)
2025-09-21 18:09:00,820 INFO stopped: php-fpm (exit status 0)
2025-09-21 18:09:23,643 CRIT Supervisor is running as root.  Privileges were not dropped because no user is specified in the config file.  If you intend to run as root, you can set user=root in the config file to avoid this message.
2025-09-21 18:09:23,652 INFO supervisord started with pid 1
2025-09-21 18:09:24,655 INFO spawned: 'php-fpm' with pid 7
2025-09-21 18:09:24,657 INFO spawned: 'nginx' with pid 8
2025-09-21 18:09:25,694 INFO success: php-fpm entered RUNNING state, process has stayed up for > than 1 seconds (startsecs)
2025-09-21 18:09:25,694 INFO success: nginx entered RUNNING state, process has stayed up for > than 1 seconds (startsecs)
2025-09-21 18:10:56,784 WARN received SIGQUIT indicating exit request
2025-09-21 18:10:56,784 INFO waiting for php-fpm, nginx to die
2025-09-21 18:10:56,815 INFO stopped: nginx (exit status 0)
2025-09-21 18:10:56,820 INFO stopped: php-fpm (exit status 0)
2025-09-21 18:11:20,357 CRIT Supervisor is running as root.  Privileges were not dropped because no user is specified in the config file.  If you intend to run as root, you can set user=root in the config file to avoid this message.
2025-09-21 18:11:20,360 INFO supervisord started with pid 11
2025-09-21 18:11:21,362 INFO spawned: 'php-fpm' with pid 12
2025-09-21 18:11:21,365 INFO spawned: 'nginx' with pid 13
2025-09-21 18:11:22,405 INFO success: php-fpm entered RUNNING state, process has stayed up for > than 1 seconds (startsecs)
2025-09-21 18:11:22,405 INFO success: nginx entered RUNNING state, process has stayed up for > than 1 seconds (startsecs)
2025-09-21 18:19:39,732 CRIT Supervisor is running as root.  Privileges were not dropped because no user is specified in the config file.  If you intend to run as root, you can set user=root in the config file to avoid this message.
2025-09-21 18:19:39,734 INFO supervisord started with pid 11
2025-09-21 18:19:40,737 INFO spawned: 'php-fpm' with pid 12
2025-09-21 18:19:40,743 INFO spawned: 'nginx' with pid 13
2025-09-21 18:19:41,778 INFO success: php-fpm entered RUNNING state, process has stayed up for > than 1 seconds (startsecs)
2025-09-21 18:19:41,778 INFO success: nginx entered RUNNING state, process has stayed up for > than 1 seconds (startsecs)
2025-09-21 18:20:44,678 CRIT Supervisor is running as root.  Privileges were not dropped because no user is specified in the config file.  If you intend to run as root, you can set user=root in the config file to avoid this message.
2025-09-21 18:20:44,680 INFO supervisord started with pid 11
2025-09-21 18:20:45,683 INFO spawned: 'php-fpm' with pid 12
2025-09-21 18:20:45,684 INFO spawned: 'nginx' with pid 13
2025-09-21 18:20:46,726 INFO success: php-fpm entered RUNNING state, process has stayed up for > than 1 seconds (startsecs)
2025-09-21 18:20:46,726 INFO success: nginx entered RUNNING state, process has stayed up for > than 1 seconds (startsecs)
2025-09-21 18:30:01,736 CRIT Supervisor is running as root.  Privileges were not dropped because no user is specified in the config file.  If you intend to run as root, you can set user=root in the config file to avoid this message.
2025-09-21 18:30:01,739 INFO supervisord started with pid 11
2025-09-21 18:30:02,741 INFO spawned: 'php-fpm' with pid 12
2025-09-21 18:30:02,743 INFO spawned: 'nginx' with pid 13
2025-09-21 18:30:03,781 INFO success: php-fpm entered RUNNING state, process has stayed up for > than 1 seconds (startsecs)
2025-09-21 18:30:03,781 INFO success: nginx entered RUNNING state, process has stayed up for > than 1 seconds (startsecs)
2025-09-21 18:33:58,352 CRIT Supervisor is running as root.  Privileges were not dropped because no user is specified in the config file.  If you intend to run as root, you can set user=root in the config file to avoid this message.
2025-09-21 18:33:58,354 INFO supervisord started with pid 11
2025-09-21 18:33:59,356 INFO spawned: 'php-fpm' with pid 12
2025-09-21 18:33:59,358 INFO spawned: 'nginx' with pid 13
2025-09-21 18:34:00,392 INFO success: php-fpm entered RUNNING state, process has stayed up for > than 1 seconds (startsecs)
2025-09-21 18:34:00,392 INFO success: nginx entered RUNNING state, process has stayed up for > than 1 seconds (startsecs)
2025-09-21 18:39:07,341 CRIT Supervisor is running as root.  Privileges were not dropped because no user is specified in the config file.  If you intend to run as root, you can set user=root in the config file to avoid this message.
2025-09-21 18:39:07,344 INFO supervisord started with pid 17
2025-09-21 18:39:08,347 INFO spawned: 'php-fpm' with pid 18
2025-09-21 18:39:08,350 INFO spawned: 'nginx' with pid 19
2025-09-21 18:39:09,384 INFO success: php-fpm entered RUNNING state, process has stayed up for > than 1 seconds (startsecs)
2025-09-21 18:39:09,385 INFO success: nginx entered RUNNING state, process has stayed up for > than 1 seconds (startsecs)
2025-09-21 18:41:33,996 CRIT Supervisor is running as root.  Privileges were not dropped because no user is specified in the config file.  If you intend to run as root, you can set user=root in the config file to avoid this message.
2025-09-21 18:41:33,998 INFO supervisord started with pid 11
2025-09-21 18:41:35,001 INFO spawned: 'php-fpm' with pid 12
2025-09-21 18:41:35,003 INFO spawned: 'nginx' with pid 13
2025-09-21 18:41:36,041 INFO success: php-fpm entered RUNNING state, process has stayed up for > than 1 seconds (startsecs)
2025-09-21 18:41:36,041 INFO success: nginx entered RUNNING state, process has stayed up for > than 1 seconds (startsecs)
2025-09-21 19:05:24,627 CRIT Supervisor is running as root.  Privileges were not dropped because no user is specified in the config file.  If you intend to run as root, you can set user=root in the config file to avoid this message.
2025-09-21 19:05:24,629 INFO supervisord started with pid 11
2025-09-21 19:05:25,632 INFO spawned: 'php-fpm' with pid 12
2025-09-21 19:05:25,634 INFO spawned: 'nginx' with pid 13
2025-09-21 19:05:26,671 INFO success: php-fpm entered RUNNING state, process has stayed up for > than 1 seconds (startsecs)
2025-09-21 19:05:26,671 INFO success: nginx entered RUNNING state, process has stayed up for > than 1 seconds (startsecs)
2025-09-21 19:17:28,673 CRIT Supervisor is running as root.  Privileges were not dropped because no user is specified in the config file.  If you intend to run as root, you can set user=root in the config file to avoid this message.
2025-09-21 19:17:28,675 INFO supervisord started with pid 11
2025-09-21 19:17:29,678 INFO spawned: 'php-fpm' with pid 12
2025-09-21 19:17:29,680 INFO spawned: 'nginx' with pid 13
2025-09-21 19:17:30,713 INFO success: php-fpm entered RUNNING state, process has stayed up for > than 1 seconds (startsecs)
2025-09-21 19:17:30,713 INFO success: nginx entered RUNNING state, process has stayed up for > than 1 seconds (startsecs)
